[    0.000000] Initializing cgroup subsys cpuset
[    0.000000] Initializing cgroup subsys cpu
[    0.000000] Initializing cgroup subsys cpuacct
[    0.000000] Linux version 4.4.0-210-generic (buildd@lgw01-amd64-009) (gcc version 5.4.0 20160609 (Ubuntu 5.4.0-6ubuntu1~16.04.12) ) #242-Ubuntu SMP Fri Apr 16 09:57:56 UTC 2021 (Ubuntu 4.4.0-210.242-generic 4.4.262)
[    0.000000] Command line: BOOT_IMAGE=/boot/vmlinuz-4.4.0-210-generic root=UUID=0fa69040-f4c4-449d-86d9-474f93427760 ro console=tty1 console=ttyS0
[    0.000000] KERNEL supported cpus:
[    0.000000]   Intel GenuineIntel
[    0.000000]   AMD AuthenticAMD
[    0.000000]   Centaur CentaurHauls
[    0.000000] x86/fpu: xstate_offset[2]:  576, xstate_sizes[2]:  256
[    0.000000] x86/fpu: Supporting XSAVE feature 0x01: 'x87 floating point registers'
[    0.000000] x86/fpu: Supporting XSAVE feature 0x02: 'SSE registers'
[    0.000000] x86/fpu: Supporting XSAVE feature 0x04: 'AVX registers'
[    0.000000] x86/fpu: Enabled xstate features 0x7, context size is 832 bytes, using 'standard' format.
[    0.000000] e820: BIOS-provided physical RAM map:
[    0.000000] BIOS-e820: [mem 0x0000000000000000-0x000000000009fbff] usable
[    0.000000] BIOS-e820: [mem 0x000000000009fc00-0x000000000009ffff] reserved
[    0.000000] BIOS-e820: [mem 0x00000000000f0000-0x00000000000fffff] reserved
[    0.000000] BIOS-e820: [mem 0x0000000000100000-0x000000007ffeffff] usable
[    0.000000] BIOS-e820: [mem 0x000000007fff0000-0x000000007fffffff] ACPI data
[    0.000000] BIOS-e820: [mem 0x00000000fec00000-0x00000000fec00fff] reserved
[    0.000000] BIOS-e820: [mem 0x00000000fee00000-0x00000000fee00fff] reserved
[    0.000000] BIOS-e820: [mem 0x00000000fffc0000-0x00000000ffffffff] reserved
[    0.000000] NX (Execute Disable) protection: active
[    0.000000] SMBIOS 2.5 present.
[    0.000000] Hypervisor detected: KVM
[    0.000000] e820: last_pfn = 0x7fff0 max_arch_pfn = 0x400000000
[    0.000000] MTRR: Disabled
[    0.000000] x86/PAT: MTRRs disabled, skipping PAT initialization too.
[    0.000000] CPU MTRRs all blank - virtualized system.
[    0.000000] x86/PAT: Configuration [0-7]: WB  WT  UC- UC  WB  WT  UC- UC  
[    0.000000] found SMP MP-table at [mem 0x0009fff0-0x0009ffff] mapped at [ffff88000009fff0]
[    0.000000] Scanning 1 areas for low memory corruption
[    0.000000] RAMDISK: [mem 0x361bc000-0x370d5fff]
[    0.000000] ACPI: Early table checksum verification disabled
[    0.000000] ACPI: RSDP 0x00000000000E0000 000024 (v02 VBOX  )
[    0.000000] ACPI: XSDT 0x000000007FFF0030 00003C (v01 VBOX   VBOXXSDT 00000001 ASL  00000061)
[    0.000000] ACPI: FACP 0x000000007FFF00F0 0000F4 (v04 VBOX   VBOXFACP 00000001 ASL  00000061)
[    0.000000] ACPI: DSDT 0x000000007FFF0610 002353 (v02 VBOX   VBOXBIOS 00000002 INTL 20200528)
[    0.000000] ACPI: FACS 0x000000007FFF0200 000040
[    0.000000] ACPI: FACS 0x000000007FFF0200 000040
[    0.000000] ACPI: APIC 0x000000007FFF0240 00005C (v02 VBOX   VBOXAPIC 00000001 ASL  00000061)
[    0.000000] ACPI: SSDT 0x000000007FFF02A0 00036C (v01 VBOX   VBOXCPUT 00000002 INTL 20200528)
[    0.000000] No NUMA configuration found
[    0.000000] Faking a node at [mem 0x0000000000000000-0x000000007ffeffff]
[    0.000000] NODE_DATA(0) allocated [mem 0x7ffeb000-0x7ffeffff]
[    0.000000] kvm-clock: Using msrs 4b564d01 and 4b564d00
[    0.000000] kvm-clock: cpu 0, msr 0:7ffe3001, primary cpu clock
[    0.000000] kvm-clock: using sched offset of 3370562846 cycles
[    0.000000] clocksource: kvm-clock: mask: 0xffffffffffffffff max_cycles: 0x1cd42e4dffb, max_idle_ns: 881590591483 ns
[    0.000000] Zone ranges:
[    0.000000]   DMA      [mem 0x0000000000001000-0x0000000000ffffff]
[    0.000000]   DMA32    [mem 0x0000000001000000-0x000000007ffeffff]
[    0.000000]   Normal   empty
[    0.000000]   Device   empty
[    0.000000] Movable zone start for each node
[    0.000000] Early memory node ranges
[    0.000000]   node   0: [mem 0x0000000000001000-0x000000000009efff]
[    0.000000]   node   0: [mem 0x0000000000100000-0x000000007ffeffff]
[    0.000000] Initmem setup node 0 [mem 0x0000000000001000-0x000000007ffeffff]
[    0.000000] ACPI: PM-Timer IO Port: 0x4008
[    0.000000] IOAPIC[0]: apic_id 2, version 32, address 0xfec00000, GSI 0-23
[    0.000000] ACPI: INT_SRC_OVR (bus 0 bus_irq 0 global_irq 2 dfl dfl)
[    0.000000] ACPI: INT_SRC_OVR (bus 0 bus_irq 9 global_irq 9 low level)
[    0.000000] Using ACPI (MADT) for SMP configuration information
[    0.000000] smpboot: Allowing 2 CPUs, 0 hotplug CPUs
[    0.000000] PM: Registered nosave memory: [mem 0x00000000-0x00000fff]
[    0.000000] PM: Registered nosave memory: [mem 0x0009f000-0x0009ffff]
[    0.000000] PM: Registered nosave memory: [mem 0x000a0000-0x000effff]
[    0.000000] PM: Registered nosave memory: [mem 0x000f0000-0x000fffff]
[    0.000000] e820: [mem 0x80000000-0xfebfffff] available for PCI devices
[    0.000000] Booting paravirtualized kernel on KVM
[    0.000000] clocksource: refined-jiffies: mask: 0xffffffff max_cycles: 0xffffffff, max_idle_ns: 7645519600211568 ns
[    0.000000] setup_percpu: NR_CPUS:512 nr_cpumask_bits:512 nr_cpu_ids:2 nr_node_ids:1
[    0.000000] PERCPU: Embedded 33 pages/cpu @ffff88007fc00000 s95192 r8192 d31784 u1048576
[    0.000000] Built 1 zonelists in Node order, mobility grouping on.  Total pages: 515960
[    0.000000] Policy zone: DMA32
[    0.000000] Kernel command line: BOOT_IMAGE=/boot/vmlinuz-4.4.0-210-generic root=UUID=0fa69040-f4c4-449d-86d9-474f93427760 ro console=tty1 console=ttyS0
[    0.000000] PID hash table entries: 4096 (order: 3, 32768 bytes)
[    0.000000] Memory: 2029408K/2096696K available (8644K kernel code, 1332K rwdata, 4044K rodata, 1492K init, 1164K bss, 67288K reserved, 0K cma-reserved)
[    0.000000] SLUB: HWalign=64, Order=0-3, MinObjects=0, CPUs=2, Nodes=1
[    0.000000] Kernel/User page tables isolation: enabled
[    0.000000] Hierarchical RCU implementation.
[    0.000000] 	Build-time adjustment of leaf fanout to 64.
[    0.000000] 	RCU restricting CPUs from NR_CPUS=512 to nr_cpu_ids=2.
[    0.000000] RCU: Adjusting geometry for rcu_fanout_leaf=64, nr_cpu_ids=2
[    0.000000] NR_IRQS:33024 nr_irqs:440 16
[    0.000000] Console: colour VGA+ 80x25
[    0.000000] console [tty1] enabled
[    0.000000] console [ttyS0] enabled
[    0.000000] tsc: Detected 2311.218 MHz processor
[    0.451620] Calibrating delay loop (skipped) preset value.. 4622.43 BogoMIPS (lpj=9244872)
[    0.459282] pid_max: default: 32768 minimum: 301
[    0.463768] ACPI: Core revision 20150930
[    0.468064] ACPI: 2 ACPI AML tables successfully acquired and loaded
[    0.473028] Security Framework initialized
[    0.475610] Yama: becoming mindful.
[    0.478636] AppArmor: AppArmor initialized
[    0.481767] Dentry cache hash table entries: 262144 (order: 9, 2097152 bytes)
[    0.488485] Inode-cache hash table entries: 131072 (order: 8, 1048576 bytes)
[    0.494201] Mount-cache hash table entries: 4096 (order: 3, 32768 bytes)
[    0.499192] Mountpoint-cache hash table entries: 4096 (order: 3, 32768 bytes)
[    0.505941] Initializing cgroup subsys io
[    0.509358] Initializing cgroup subsys memory
[    0.513077] Initializing cgroup subsys devices
[    0.516934] Initializing cgroup subsys freezer
[    0.519975] Initializing cgroup subsys net_cls
[    0.522723] Initializing cgroup subsys perf_event
[    0.526272] Initializing cgroup subsys net_prio
[    0.529480] Initializing cgroup subsys hugetlb
[    0.532512] Initializing cgroup subsys pids
[    0.537467] mce: CPU supports 0 MCE banks
[    0.540207] Last level iTLB entries: 4KB 64, 2MB 8, 4MB 8
[    0.543497] Last level dTLB entries: 4KB 64, 2MB 0, 4MB 0, 1GB 4
[    0.548230] Spectre V1 : Mitigation: usercopy/swapgs barriers and __user pointer sanitization
[    0.554158] Spectre V2 : Mitigation: Full generic retpoline
[    0.558261] Spectre V2 : Spectre v2 / SpectreRSB mitigation: Filling RSB on context switch
[    0.564673] Speculative Store Bypass: Vulnerable
[    0.567824] SRBDS: Unknown: Dependent on hypervisor status
[    0.572259] MDS: Mitigation: Clear CPU buffers
[    0.605235] Freeing SMP alternatives memory: 36K
[    0.677805] ftrace: allocating 32380 entries in 127 pages
[    1.165686] smpboot: APIC(0) Converting physical 0 to logical package 0
[    1.170773] smpboot: Max logical packages: 1
[    1.175411] x2apic enabled
[    1.178971] Switched APIC routing to physical x2apic.
[    1.192084] ..TIMER: vector=0x30 apic1=0 pin1=2 apic2=-1 pin2=-1
[    1.304310] smpboot: CPU0: Intel(R) Core(TM) i9-9880H CPU @ 2.30GHz (family: 0x6, model: 0x9e, stepping: 0xd)
[    1.311772] Performance Events: unsupported p6 CPU model 158 no PMU driver, software events only.
[    1.386977] KVM setup paravirtual spinlock
[    1.390662] x86: Booting SMP configuration:
[    1.393287] .... node  #0, CPUs:      #1
[    1.396616] kvm-clock: cpu 1, msr 0:7ffe3041, secondary cpu clock
[    1.401121] mce: CPU supports 0 MCE banks
[    1.404669] x86: Booted up 1 node, 2 CPUs
[    1.408375] smpboot: Total of 2 processors activated (9244.87 BogoMIPS)
[    1.414814] devtmpfs: initialized
[    1.420402] evm: security.selinux
[    1.424528] evm: security.SMACK64
[    1.426963] evm: security.SMACK64EXEC
[    1.429246] evm: security.SMACK64TRANSMUTE
[    1.432462] evm: security.SMACK64MMAP
[    1.435196] evm: security.ima
[    1.437331] evm: security.capability
[    1.440251] clocksource: jiffies: mask: 0xffffffff max_cycles: 0xffffffff, max_idle_ns: 7645041785100000 ns
[    1.446640] futex hash table entries: 512 (order: 3, 32768 bytes)
[    1.450815] pinctrl core: initialized pinctrl subsystem
[    1.454756] RTC time:  1:38:40, date: 04/22/23
[    1.458135] NET: Registered protocol family 16
[    1.474477] cpuidle: using governor ladder
[    1.491826] cpuidle: using governor menu
[    1.494374] PCCT header not found.
[    1.497527] ACPI: bus type PCI registered
[    1.500232] acpiphp: ACPI Hot Plug PCI Controller Driver version: 0.5
[    1.506197] PCI: Using configuration type 1 for base access
[    1.520177] ACPI: Added _OSI(Module Device)
[    1.522830] ACPI: Added _OSI(Processor Device)
[    1.525982] ACPI: Added _OSI(3.0 _SCP Extensions)
[    1.529102] ACPI: Added _OSI(Processor Aggregator Device)
[    1.534204] ACPI: Executed 1 blocks of module-level executable AML code
[    1.542892] ACPI: Interpreter enabled
[    1.546415] ACPI: (supports S0 S5)
[    1.549273] ACPI: Using IOAPIC for interrupt routing
[    1.553023] PCI: Using host bridge windows from ACPI; if necessary, use "pci=nocrs" and report a bug
[    1.568760] ACPI: PCI Root Bridge [PCI0] (domain 0000 [bus 00-ff])
[    1.585240] acpi PNP0A03:00: _OSC: OS supports [ASPM ClockPM Segments MSI]
[    1.599993] acpi PNP0A03:00: _OSC: not requesting OS control; OS requires [ExtendedConfig ASPM ClockPM MSI]
[    1.608012] acpi PNP0A03:00: fail to add MMCONFIG information, can't access extended PCI configuration space under this bridge.
[    1.617513] PCI host bridge to bus 0000:00
[    1.620164] pci_bus 0000:00: root bus resource [io  0x0000-0x0cf7 window]
[    1.624442] pci_bus 0000:00: root bus resource [io  0x0d00-0xffff window]
[    1.629376] pci_bus 0000:00: root bus resource [mem 0x000a0000-0x000bffff window]
[    1.634598] pci_bus 0000:00: root bus resource [mem 0x80000000-0xfdffffff window]
[    1.639156] pci_bus 0000:00: root bus resource [bus 00-ff]
[    1.647268] pci 0000:00:01.1: legacy IDE quirk: reg 0x10: [io  0x01f0-0x01f7]
[    1.651674] pci 0000:00:01.1: legacy IDE quirk: reg 0x14: [io  0x03f6]
[    1.655567] pci 0000:00:01.1: legacy IDE quirk: reg 0x18: [io  0x0170-0x0177]
[    1.670577] pci 0000:00:01.1: legacy IDE quirk: reg 0x1c: [io  0x0376]
[    1.725918] pci 0000:00:07.0: quirk: [io  0x4000-0x403f] claimed by PIIX4 ACPI
[    1.731130] pci 0000:00:07.0: quirk: [io  0x4100-0x410f] claimed by PIIX4 SMB
[    1.754545] ACPI: PCI Interrupt Link [LNKA] (IRQs 5 9 10 *11)
[    1.761414] ACPI: PCI Interrupt Link [LNKB] (IRQs 5 9 *10 11)
[    1.767937] ACPI: PCI Interrupt Link [LNKC] (IRQs 5 *9 10 11)
[    1.774066] ACPI: PCI Interrupt Link [LNKD] (IRQs 5 9 10 *11)
[    1.779886] ACPI: Enabled 2 GPEs in block 00 to 07
[    1.784149] vgaarb: setting as boot device: PCI:0000:00:02.0
[    1.788069] vgaarb: device added: PCI:0000:00:02.0,decodes=io+mem,owns=io+mem,locks=none
[    1.793045] vgaarb: loaded
[    1.794835] vgaarb: bridge control possible 0000:00:02.0
[    1.798319] SCSI subsystem initialized
[    1.802338] ACPI: bus type USB registered
[    1.805061] usbcore: registered new interface driver usbfs
[    1.809369] usbcore: registered new interface driver hub
[    1.812794] usbcore: registered new device driver usb
[    1.817019] PCI: Using ACPI for IRQ routing
[    1.820387] NetLabel: Initializing
[    1.822596] NetLabel:  domain hash size = 128
[    1.825390] NetLabel:  protocols = UNLABELED CIPSOv4
[    1.828468] NetLabel:  unlabeled traffic allowed by default
[    1.832251] amd_nb: Cannot enumerate AMD northbridges
[    1.835945] clocksource: Switched to clocksource kvm-clock
[    1.849901] AppArmor: AppArmor Filesystem Enabled
[    1.853115] pnp: PnP ACPI init
[    1.857020] pnp: PnP ACPI: found 3 devices
[    1.878751] clocksource: acpi_pm: mask: 0xffffff max_cycles: 0xffffff, max_idle_ns: 2085701024 ns
[    1.884986] NET: Registered protocol family 2
[    1.888354] TCP established hash table entries: 16384 (order: 5, 131072 bytes)
[    1.893579] TCP bind hash table entries: 16384 (order: 6, 262144 bytes)
[    1.898470] TCP: Hash tables configured (established 16384 bind 16384)
[    1.903672] UDP hash table entries: 1024 (order: 3, 32768 bytes)
[    1.907538] UDP-Lite hash table entries: 1024 (order: 3, 32768 bytes)
[    1.913258] NET: Registered protocol family 1
[    1.916180] pci 0000:00:00.0: Limiting direct PCI/PCI transfers
[    1.920435] pci 0000:00:01.0: Activating ISA DMA hang workarounds
[    1.924908] Unpacking initramfs...
[    2.181842] Freeing initrd memory: 15464K
[    2.184741] clocksource: tsc: mask: 0xffffffffffffffff max_cycles: 0x21509a2ac73, max_idle_ns: 440795210731 ns
[    2.191166] platform rtc_cmos: registered platform RTC device (no PNP device found)
[    2.196799] Scanning for low memory corruption every 60 seconds
[    2.201492] audit: initializing netlink subsys (disabled)
[    2.204815] audit: type=2000 audit(1682127525.648:1): initialized
[    2.210054] Initialise system trusted keyring
[    2.213373] HugeTLB registered 2 MB page size, pre-allocated 0 pages
[    2.218604] zbud: loaded
[    2.221100] VFS: Disk quotas dquot_6.6.0
[    2.223694] VFS: Dquot-cache hash table entries: 512 (order 0, 4096 bytes)
[    2.228166] squashfs: version 4.0 (2009/01/31) Phillip Lougher
[    2.232620] fuse init (API version 7.23)
[    2.235713] Key type big_key registered
[    2.238274] Allocating IMA MOK and blacklist keyrings.
[    2.245170] Key type asymmetric registered
[    2.247899] Asymmetric key parser 'x509' registered
[    2.251071] Block layer SCSI generic (bsg) driver version 0.4 loaded (major 249)
[    2.256631] io scheduler noop registered
[    2.259481] io scheduler deadline registered (default)
[    2.265146] io scheduler cfq registered
[    2.268699] pci_hotplug: PCI Hot Plug PCI Core version: 0.5
[    2.272785] pciehp: PCI Express Hot Plug Controller Driver version: 0.4
[    2.277547] ACPI: AC Adapter [AC] (on-line)
[    2.280409] input: Power Button as /devices/LNXSYSTM:00/LNXPWRBN:00/input/input0
[    2.285733] ACPI: Power Button [PWRF]
[    2.288270] input: Sleep Button as /devices/LNXSYSTM:00/LNXSLPBN:00/input/input1
[    2.292998] ACPI: Sleep Button [SLPF]
[    2.296323] GHES: HEST is not enabled!
[    2.298268] ACPI: Battery Slot [BAT0] (battery present)
[    2.303568] Serial: 8250/16550 driver, 32 ports, IRQ sharing enabled
[    2.333023] 00:02: ttyS0 at I/O 0x3f8 (irq = 4, base_baud = 115200) is a 16550A
[    2.345926] Linux agpgart interface v0.103
[    2.352872] loop: module loaded
[    2.356581] scsi host0: ata_piix
[    2.359304] scsi host1: ata_piix
[    2.361334] ata1: PATA max UDMA/33 cmd 0x1f0 ctl 0x3f6 bmdma 0xd000 irq 14
[    2.365316] ata2: PATA max UDMA/33 cmd 0x170 ctl 0x376 bmdma 0xd008 irq 15
[    2.370958] libphy: Fixed MDIO Bus: probed
[    2.373433] tun: Universal TUN/TAP device driver, 1.6
[    2.377244] tun: (C) 1999-2004 Max Krasnyansky <maxk@qualcomm.com>
[    2.381493] PPP generic driver version 2.4.2
[    2.384586] ehci_hcd: USB 2.0 'Enhanced' Host Controller (EHCI) Driver
[    2.388425] ehci-pci: EHCI PCI platform driver
[    2.391257] ehci-platform: EHCI generic platform driver
[    2.395089] ohci_hcd: USB 1.1 'Open' Host Controller (OHCI) Driver
[    2.398685] ohci-pci: OHCI PCI platform driver
[    2.401536] ohci-platform: OHCI generic platform driver
[    2.404565] uhci_hcd: USB Universal Host Controller Interface driver
[    2.409179] i8042: PNP: PS/2 Controller [PNP0303:PS2K,PNP0f03:PS2M] at 0x60,0x64 irq 1,12
[    2.416380] serio: i8042 KBD port at 0x60,0x64 irq 1
[    2.419643] serio: i8042 AUX port at 0x60,0x64 irq 12
[    2.423472] mousedev: PS/2 mouse device common for all mice
[    2.428144] input: AT Translated Set 2 keyboard as /devices/platform/i8042/serio0/input/input2
[    2.433258] rtc_cmos rtc_cmos: rtc core: registered rtc_cmos as rtc0
[    2.433657] rtc_cmos rtc_cmos: alarms up to one day, 114 bytes nvram
[    2.433664] i2c /dev entries driver
[    2.433726] device-mapper: uevent: version 1.0.3
[    2.433778] device-mapper: ioctl: 4.34.0-ioctl (2015-10-28) initialised: dm-devel@redhat.com
[    2.433794] ledtrig-cpu: registered to indicate activity on CPUs
[    2.434200] NET: Registered protocol family 10
[    2.434351] NET: Registered protocol family 17
[    2.434362] Key type dns_resolver registered
[    2.434674] registered taskstats version 1
[    2.434692] Loading compiled-in X.509 certificates
[    2.435312] Loaded X.509 cert 'Build time autogenerated kernel key: cf00e047681d67edb2720680708b7d9498083038'
[    2.435331] zswap: loaded using pool lzo/zbud
[    2.438588] Key type trusted registered
[    2.443648] Key type encrypted registered
[    2.443658] AppArmor: AppArmor sha1 policy hashing enabled
[    2.443660] ima: No TPM chip found, activating TPM-bypass!
[    2.443663] ima: Allocated hash algorithm: sha1
[    2.443693] evm: HMAC attrs: 0x1
[    2.444503]   Magic number: 3:325:610
[    2.446061] rtc_cmos rtc_cmos: setting system clock to 2023-04-22 01:38:41 UTC (1682127521)
[    2.446238] BIOS EDD facility v0.16 2004-Jun-25, 0 devices found
[    2.446238] EDD information not available.
[    2.577150] Freeing unused kernel memory: 1492K
[    2.581402] Write protecting the kernel read-only data: 14336k
[    2.587384] Freeing unused kernel memory: 1584K
[    2.591689] Freeing unused kernel memory: 52K
Loading, please wait...
starting version 229
[    2.613093] random: systemd-udevd: uninitialized urandom read (16 bytes read, 5 bits of entropy available)
[    2.613663] random: udevadm: uninitialized urandom read (16 bytes read, 5 bits of entropy available)
[    2.613689] random: udevadm: uninitialized urandom read (16 bytes read, 5 bits of entropy available)
[    2.628306] random: udevadm: uninitialized urandom read (16 bytes read, 5 bits of entropy available)
[    2.628357] random: udevadm: uninitialized urandom read (16 bytes read, 5 bits of entropy available)
[    2.628671] random: udevadm: uninitialized urandom read (16 bytes read, 5 bits of entropy available)
[    2.628736] random: udevadm: uninitialized urandom read (16 bytes read, 5 bits of entropy available)
[    2.628783] random: udevadm: uninitialized urandom read (16 bytes read, 5 bits of entropy available)
[    2.628856] random: udevadm: uninitialized urandom read (16 bytes read, 5 bits of entropy available)
[    2.628921] random: udevadm: uninitialized urandom read (16 bytes read, 5 bits of entropy available)
[    2.717328] Fusion MPT base driver 3.04.20
[    2.720729] Copyright (c) 1999-2008 LSI Corporation
[    2.750594] e1000: Intel(R) PRO/1000 Network Driver - version 7.3.21-k8-NAPI
[    2.754790] e1000: Copyright (c) 1999-2006 Intel Corporation.
[    2.781349] [drm] Initialized drm 1.1.0 20060810
[    2.787723] AVX2 version of gcm_enc/dec engaged.
[    2.790837] AES CTR mode by8 optimization enabled
[    2.796056] Fusion MPT SPI Host driver 3.04.20
[    2.832443] vboxvideo: loading out-of-tree module taints kernel.
[    2.836895] vboxvideo: module verification failed: signature and/or required key missing - tainting kernel
[    2.845789] vboxvideo: loading version 7.0.2 r154219
[    2.979875] input: ImExPS/2 Generic Explorer Mouse as /devices/platform/i8042/serio1/input/input4
[    3.294591] e1000 0000:00:03.0 eth0: (PCI:33MHz:32-bit) 02:fe:a1:ea:7d:d1
[    3.299057] e1000 0000:00:03.0 eth0: Intel(R) PRO/1000 Network Connection
[    3.305432] mptbase: ioc0: Initiating bringup
[    3.377743] ioc0: LSI53C1030 A0: Capabilities={Initiator}
[    3.548600] scsi host2: ioc0: LSI53C1030 A0, FwRev=00000000h, Ports=1, MaxQ=256, IRQ=20
[    3.664660] scsi 2:0:0:0: Direct-Access     VBOX     HARDDISK         1.0  PQ: 0 ANSI: 5
[    3.665492] [drm] VRAM 01000000
[    3.665779] [TTM] Zone  kernel: Available graphics memory: 1024018 kiB
[    3.665779] [TTM] Initializing pool allocator
[    3.665782] [TTM] Initializing DMA pool allocator
[    3.711365] scsi target2:0:0: Beginning Domain Validation
[    3.720130] scsi target2:0:0: Domain Validation skipping write tests
[    3.724905] scsi target2:0:0: Ending Domain Validation
[    3.729133] scsi target2:0:0: asynchronous
[    3.742272] scsi 2:0:1:0: Direct-Access     VBOX     HARDDISK         1.0  PQ: 0 ANSI: 5
[    3.748499] scsi target2:0:1: Beginning Domain Validation
[    3.757926] scsi target2:0:1: Domain Validation skipping write tests
[    3.765851] scsi target2:0:1: Ending Domain Validation
[    3.771089] scsi target2:0:1: asynchronous
[    3.779047] fbcon: vboxdrmfb (fb0) is primary device
[    3.798480] Console: switching to colour frame buffer device 100x37
[    3.805022] vboxvideo 0000:00:02.0: fb0: vboxdrmfb frame buffer device
[    3.808501] sd 2:0:0:0: Attached scsi generic sg0 type 0
[    3.810670] sd 2:0:0:0: [sda] 20971520 512-byte logical blocks: (10.7 GB/10.0 GiB)
[    3.814120] sd 2:0:1:0: Attached scsi generic sg1 type 0
[    3.815980] [drm] Initialized vboxvideo 1.0.0 20130823 for 0000:00:02.0 on minor 0
[    3.816842] sd 2:0:1:0: [sdb] 20480 512-byte logical blocks: (10.5 MB/10.0 MiB)
[    3.820162] sd 2:0:0:0: [sda] Write Protect is off
[    3.826925] sd 2:0:0:0: [sda] Incomplete mode parameter data
[    3.829058] sd 2:0:0:0: [sda] Assuming drive cache: write through
[    3.831329] sd 2:0:1:0: [sdb] Write Protect is off
[    3.834479] sd 2:0:1:0: [sdb] Incomplete mode parameter data
[    3.837063] sd 2:0:1:0: [sdb] Assuming drive cache: write through
[    3.839073]  sda: sda1
[    3.842106] sd 2:0:0:0: [sda] Attached SCSI disk
[    3.855183] sd 2:0:1:0: [sdb] Attached SCSI disk
[    4.287892] e1000 0000:00:08.0 eth1: (PCI:33MHz:32-bit) 08:00:27:a6:b8:cf
[    4.290654] e1000 0000:00:08.0 eth1: Intel(R) PRO/1000 Network Connection
[    4.295499] e1000 0000:00:03.0 enp0s3: renamed from eth0
[    4.304442] e1000 0000:00:08.0 enp0s8: renamed from eth1
Begin: Loading essential drivers ... [    4.389443] md: linear personality registered for level -1
[    4.396317] md: multipath personality registered for level -4
[    4.403327] md: raid0 personality registered for level 0
[    4.414383] md: raid1 personality registered for level 1
[    4.508628] raid6: sse2x1   gen() 11117 MB/s
[    4.589260] raid6: sse2x1   xor()  7016 MB/s
[    4.712607] raid6: sse2x2   gen() 24622 MB/s
[    4.817383] raid6: sse2x2   xor()  9813 MB/s
[    4.923441] raid6: sse2x4   gen() 23050 MB/s
[    4.998091] raid6: sse2x4   xor() 10722 MB/s
[    5.116239] raid6: avx2x1   gen() 39960 MB/s
[    5.253542] raid6: avx2x2   gen() 57696 MB/s
[    5.396633] raid6: avx2x4   gen() 31730 MB/s
[    5.400167] raid6: using algorithm avx2x2 gen() 57696 MB/s
[    5.403265] raid6: using avx2x2 recovery algorithm
[    5.407996] xor: automatically using best checksumming function:
[    5.448449]    avx       : 30156.000 MB/sec
[    5.452502] async_tx: api initialized (async)
[    5.475984] md: raid6 personality registered for level 6
[    5.478594] md: raid5 personality registered for level 5
[    5.480633] md: raid4 personality registered for level 4
[    5.494667] md: raid10 personality registered for level 10
done.
Begin: Running /scripts/init-premount ... done.
Begin: Mounting root file system ... Begin: Running /scripts/local-top ... done.
Begin: Running /scripts/local-premount ... [    5.553291] Btrfs loaded
Scanning for Btrfs filesystems
done.
Warning: fsck not present, so skipping root file system
[    5.591803] EXT4-fs (sda1): mounted filesystem with ordered data mode. Opts: (null)
done.
Begin: Running /scripts/local-bottom ... done.
Begin: Running /scripts/init-bottom ... done.
[    5.755287] systemd[1]: systemd 229 running in system mode. (+PAM +AUDIT +SELINUX +IMA +APPARMOR +SMACK +SYSVINIT +UTMP +LIBCRYPTSETUP +GCRYPT +GNUTLS +ACL +XZ -LZ4 +SECCOMP +BLKID +ELFUTILS +KMOD -IDN)
[    5.763062] systemd[1]: Detected virtualization oracle.
[    5.765444] systemd[1]: Detected architecture x86-64.

Welcome to [1mUbuntu 16.04.7 LTS[0m!

[    5.773726] systemd[1]: Set hostname to <ubuntu-xenial>.
[    6.009610] systemd[1]: Started Trigger resolvconf update for networkd DNS.
[[0;32m  OK  [0m] Started Trigger resolvconf update for networkd DNS.
[    6.015649] systemd[1]: Listening on LVM2 poll daemon socket.
[[0;32m  OK  [0m] Listening on LVM2 poll daemon socket.
[    6.020866] systemd[1]: Listening on Journal Socket (/dev/log).
[[0;32m  OK  [0m] Listening on Journal Socket (/dev/log).
[    6.026561] systemd[1]: Listening on Syslog Socket.
[[0;32m  OK  [0m] Listening on Syslog Socket.
[    6.031274] systemd[1]: Reached target System Time Synchronized.
[[0;32m  OK  [0m] Reached target System Time Synchronized.
[    6.036525] systemd[1]: Listening on udev Kernel Socket.
[[0;32m  OK  [0m] Listening on udev Kernel Socket.
[    6.041886] systemd[1]: Listening on Journal Socket.
[[0;32m  OK  [0m] Listening on Journal Socket.
[    6.046318] systemd[1]: Started Forward Password Requests to Wall Directory Watch.
[[0;32m  OK  [0m] Started Forward Password Requests to Wall Directory Watch.
[    6.053140] systemd[1]: Listening on LVM2 metadata daemon socket.
[[0;32m  OK  [0m] Listening on LVM2 metadata daemon socket.
[    6.058358] systemd[1]: Reached target Swap.
[[0;32m  OK  [0m] Reached target Swap.
[    6.062491] systemd[1]: Created slice User and Session Slice.
[[0;32m  OK  [0m] Created slice User and Session Slice.
[    6.067647] systemd[1]: Reached target Encrypted Volumes.
[[0;32m  OK  [0m] Reached target Encrypted Volumes.
[    6.072378] systemd[1]: Listening on /dev/initctl Compatibility Named Pipe.
[[0;32m  OK  [0m] Listening on /dev/initctl Compatibility Named Pipe.
[    6.078285] systemd[1]: Reached target User and Group Name Lookups.
[[0;32m  OK  [0m] Reached target User and Group Name Lookups.
[    6.083554] systemd[1]: Listening on Device-mapper event daemon FIFOs.
[[0;32m  OK  [0m] Listening on Device-mapper event daemon FIFOs.
[    6.089024] systemd[1]: Listening on udev Control Socket.
[[0;32m  OK  [0m] Listening on udev Control Socket.
[    6.093802] systemd[1]: Listening on Journal Audit Socket.
[[0;32m  OK  [0m] Listening on Journal Audit Socket.
[    6.100107] systemd[1]: Created slice System Slice.
[[0;32m  OK  [0m] Created slice System Slice.
[    6.104917] systemd[1]: Created slice system-serial\x2dgetty.slice.
[[0;32m  OK  [0m] Created slice system-serial\x2dgetty.slice.
[    6.125239] systemd[1]: Starting Load Kernel Modules...
         Starting Load Kernel Modules...
[    6.132221] systemd[1]: Starting Create list of required static device nodes for the current kernel...
         Startin[    6.142882] Loading iSCSI transport class v2.0-870.
g Create list of required st... nodes for the current kernel...
[    6.147853] systemd[1]: Starting Nameserver information manager...
         Starting Nameserver information manager...
[    6.153887] systemd[1]: Starting Monitoring of LVM2 mirrors, snapshots etc. using dmeventd or progress polling...
         Starting Monitoring of LVM2 mirrors... dmeventd or progress polling...
[    6.162593] systemd[1]: Starting Uncomplicated firewall...
         Starting Uncomplicated firewall...
[    6.168812] systemd[1]: Mounting POSIX Message Queue File System...
         Mounting POSIX Message Queue File System...
[    6.174636] systemd[1]: Starting Journal Service...
         Starting Journal Service...
[    6.181687] systemd[1]: Starting Set console keymap...
         Starting Set console keymap...
[    6.188433] systemd[1]: Starting Remount Root and Kernel File Systems...
[    6.189056] iscsi: registered transport (tcp)
         Starting Remount Root and Kernel File Systems...
[    6.201103] systemd[1]: Mounting Debug File System...
         Mounting Debug File System...
[    6.209517] systemd[1]: Mounting Huge Pages File System...
[    6.212018] EXT4-fs (sda1): re-mounted. Opts: (null)
         Mounting Huge Pages File System...
[    6.224258] systemd[1]: Reached target Slices.
[[0;32m  OK  [0m] Reached target Slices.
[    6.231234] systemd[1]: Set up automount Arbitrary Executable File Formats File System Automount Point.
[[0;32m  OK  [0m] Set up automount Arbitrary Executab...ats File System Automount Point.
[    6.244763] systemd[1]: Mounted Huge Pages File System.
[[0;32m  OK  [0m] Mounted Huge Pages File System.
[    6.252378] systemd[1]: Mounted POSIX Message Queue File System.
[[0;32m  OK  [0m] Mounted POSIX Message Queue File System.
[    6.261497] systemd[1]: Mounted Debug File System.
[[0;32m  OK  [0m] Mounted Debug File System.
[    6.268233] systemd[1]: Started Journal Service.
[[0;32m  OK  [0m] Started Journal Service.
[    6.276961] random: nonblocking pool is initialized
[[0;32m  OK  [0m] Started Create list of required sta...ce nodes for the current kernel.
[[0;32m  OK  [0m] Started Uncomplicated firewall.
[    6.303221] iscsi: registered transport (iser)
[[0;32m  OK  [0m] Started Set console keymap.
[[0;32m  OK  [0m] Started Load Kernel Modules.
[[0;32m  OK  [0m] Started Remount Root and Kernel File Systems.
[[0;32m  OK  [0m] Started Nameserver information manager.
[[0;32m  OK  [0m] Started LVM2 metadata daemon.
         Starting udev Coldplug all Devices...
         Starting Load/Save Random Seed...
         Mounting FUSE Control File System...
         Starting Apply Kernel Variables...
         Starting Create Static Device Nodes in /dev...
         Starting Flush Journal to Persistent Storage...
[[0;32m  OK  [0m] Mounted FUSE Control File System.
[[0;32m  OK  [0m] Started Load/Save Random Seed.
[[0;32m  OK  [0m] Started Apply Kernel Variables.
[[0;32m  OK  [0m] Started Create Static Device Nodes in /dev.
[[0;32m  OK  [0m] Started Flush Journal to Persistent Storage.
         Starting udev Kernel Device Manager...
[[0;32m  OK  [0m] Started udev Coldplug all Devices.
[[0;32m  OK  [0m] Started udev Kernel Device Manager.
[[0;32m  OK  [0m] Started Dispatch Password Requests to Console Directory Watch.
[[0;32m  OK  [0m] Found device /dev/ttyS0.
[[0;32m  OK  [0m] Listening on Load/Save RF Kill Switch Status /dev/rfkill Watch.
[[0;32m  OK  [0m] Found device 82540EM Gigabit Ethern...r (PRO/1000 MT Desktop Adapter).
[[0;32m  OK  [0m] Started Monitoring of LVM2 mirrors,...ng dmeventd or progress polling.
[[0;32m  OK  [0m] Reached target Local File Systems (Pre).
[[0;32m  OK  [0m] Reached target Local File Systems.
         Starting Set console font and keymap...
         Starting Create Volatile Files and Directories...
         Starting Initial cloud-init job (pre-networking)...
         Starting LSB: AppArmor initialization...
         Starting Tell Plymouth To Write Out Runtime Data...
[[0;32m  OK  [0m] Found device 82540EM Gigabit Ethern...r (PRO/1000 MT Desktop Adapter).
[[0;32m  OK  [0m] Started Tell Plymouth To Write Out Runtime Data.
[[0;32m  OK  [0m] Started Create Volatile Files and Directories.
         Starting Update UTMP about System Boot/Shutdown...
[[0;32m  OK  [0m] Started Update UTMP about System Boot/Shutdown.
[[0;32m  OK  [0m] Started Set console font and keymap.
[[0;32m  OK  [0m] Created slice system-getty.slice.
[[0;32m  OK  [0m] Started LSB: AppArmor initialization.
         Starting Load AppArmor profiles managed internally by snapd...
[[0;32m  OK  [0m] Started Load AppArmor profiles managed internally by snapd.
[    6.602040] cloud-init[648]: Cloud-init v. 21.1-19-gbad84ad4-0ubuntu1~16.04.2 running 'init-local' at Sat, 22 Apr 2023 01:38:46 +0000. Up 6.38 seconds.
[[0;32m  OK  [0m] Started Initial cloud-init job (pre-networking).
[[0;32m  OK  [0m] Reached target Network (Pre).
         Starting Raise network interfaces...
[[0;32m  OK  [0m] Started ifup for enp0s3.
[[0;32m  OK  [0m] Started ifup for enp0s8.
[[0;32m  OK  [0m] Started Raise network interfaces.
         Starting Initial cloud-init job (metadata service crawler)...
[[0;32m  OK  [0m] Reached target Network.
[    7.344791] cloud-init[1085]: Cloud-init v. 21.1-19-gbad84ad4-0ubuntu1~16.04.2 running 'init' at Sat, 22 Apr 2023 01:38:47 +0000. Up 7.12 seconds.
[    7.350955] cloud-init[1085]: ci-info: ++++++++++++++++++++++++++++++++++++++Net device info+++++++++++++++++++++++++++++++++++++++
[    7.357047] cloud-init[1085]: ci-info: +--------+------+-----------------------------+---------------+--------+-------------------+
[    7.363281] cloud-init[1085]: ci-info: | Device |  Up  |           Address           |      Mask     | Scope  |     Hw-Address    |
[    7.369258] cloud-init[1085]: ci-info: +--------+------+-----------------------------+---------------+--------+-------------------+
[    7.375006] cloud-init[1085]: ci-info: | enp0s3 | True |          10.0.2.15          | 255.255.255.0 | global | 02:fe:a1:ea:7d:d1 |
[    7.381946] cloud-init[1085]: ci-info: | enp0s3 | True |  fe80::fe:a1ff:feea:7dd1/64 |       .       |  link  | 02:fe:a1:ea:7d:d1 |
[    7.387458] cloud-init[1085]: ci-info: | enp0s8 | True |        192.168.10.70        | 255.255.255.0 | global | 08:00:27:a6:b8:cf |[[0;32m  OK  [0m] Started Initial cloud-init job (metadata service crawler).
[[0;32m  OK  [0m] Reached target System Initialization.
[[0;32m  OK  [0m] Started Daily Cleanup of Temporary Directories.

[    7.398948] [[0;32m  OK  [0m] Started ACPI Events Check.
[[0;32m  OK  [0m] Listening on D-Bus System Message Bus Socket.
[[0;32m  OK  [0m] Started Ubuntu Advantage Timer for running repeated jobs.
[[0;32m  OK  [0m] Listening on ACPID Listen Socket.
cloud-init[[0;32m  OK  [0m] Started Daily apt download activities.
[[0;32m  OK  [0m] Listening on UUID daemon activation socket.
[[0;32m  OK  [0m] Started Daily apt upgrade and clean activities.
[1085]: [[0;32m  OK  [0m] Started Trigger to poll for Ubuntu ...nly enabled on GCP LTS non-pro).
[[0;32m  OK  [0m] Reached target Paths.
ci-info: | enp0s8 | True | fe80::a00:27ff:fea6:b8cf/64 |       .       |  link  | 08:00:27:a6:b8:cf |         Starting LXD - unix socket.
         Starting Socket activation for snappy daemon.

[[0;32m  OK  [0m] Started Message of the Day.
[    7.424811] [[0;32m  OK  [0m] Started Clean PHP session files every 30 mins.
[[0;32m  OK  [0m] Reached target Timers.
[[0;32m  OK  [0m] Reached target Network is Online.
cloud-init[1085]: ci-info: |   lo   | True |          127.0.0.1          |   255.0.0.0   |  host  |         .         |
[    7.434706] cloud-init[1085]: ci-info: |   lo   | True |           ::1/128           |       .       |  host  |         .         |
[    7.440372] cloud-init[1085]: ci-info: +--------+------+-----------------------------+---------------+--------+-------------------+
[    7.446540] cloud-init[1085]: ci-info: ++++++++++++++++++++++++++++Route IPv4 info++++++++++++++++++++++++++++
[    7.451846]          Starting iSCSI initiator daemon (iscsid)...
[[0;32m  OK  [0m] Reached target Cloud-config availability.
[[0;32m  OK  [0m] Listening on LXD - unix socket.
[[0;32m  OK  [0m] Listening on Socket activation for snappy daemon.
[[0;32m  OK  [0m] Reached target Sockets.
[[0;32m  OK  [0m] Reached target Basic System.
         Starting Login Service...
         Starting MySQL Community Server...
         Starting Message of the Day...
         Starting LSB: Record successful boot for GRUB...
cloud-init         Starting Snap Daemon...
         Starting System Logging Service...
         Starting vboxadd.service...
[1085]: ci-info: +-------+--------------+----------+---------------+-----------+-------+         Starting vsftpd FTP server...

[    7.485368] cloud-init         Starting Clean php session files...
[[0;32m  OK  [0m] Started ACPI event daemon.
         Starting The PHP 7.4 FastCGI Process Manager...
         Starting /etc/rc.local Compatibility...
         Starting LSB: MD monitoring daemon...
[[0;32m  OK  [0m] Started FUSE filesystem for LXC.
[1085]: ci-info: | Route | Destination  | Gateway  |    Genmask    | Interface | Flags |
         Starting Accounts Service...
[[0;32m  OK  [0m] Started Regular background program processing daemon.
[[0;32m  OK  [0m] Started D-Bus System Message Bus.
[    7.523700] cloud-init[1085]: ci-info: +-------+--------------+----------+---------------+-----------+-------+
[    7.594975] cloud-init[1085]: ci-info: |   0   |   0.0.0.0    | 10.0.2.2 |    0.0.0.0    |   enp0s3  |   UG  |
[    7.602463] cloud-init[1085]: ci-info: |   1   |   10.0.2.0   | 0.0.0.0  | 255.255.255.0 |   enp0s3  |   U   |
[    7.615882] cloud-init[1085]: ci-info: |   2   | 192.168.10.0 | 0.0.0.0  | 255.255.255.0 |   enp0s8  |   U   |
[    7.625426]          Starting The PHP 8.0 FastCGI Process Manager...
         Starting The PHP 7.0 FastCGI Process Manager...
         Starting OpenBSD Secure Shell server...
[[0;32m  OK  [0m] Started Deferred execution scheduler.
         Starting LXD - container startup/shutdown...
[[0;32m  OK  [0m] Started System Logging Service.
[[0;32m  OK  [0m] Started vsftpd FTP server.
[[0;32m  OK  [0m] Started /etc/rc.local Compatibility.
cloud-init[[0;32m  OK  [0m] Started iSCSI initiator daemon (iscsid).
[1085]: ci-info: +-------+--------------+----------+---------------+-----------+-------+
[    7.701893] cloud-init         Starting Login to default iSCSI targets...
[[0;32m  OK  [0m] Started LSB: Record successful boot for GRUB.
[[0;32m  OK  [0m] Started Login Service.
[[0;32m  OK  [0m] Started Unattended Upgrades Shutdown.
[1085]: [[0;32m  OK  [0m] Started LSB: MD monitoring daemon.
ci-info: +++++++++++++++++++Route IPv6 info+++++++++++++++++++[[0;32m  OK  [0m] Started OpenBSD Secure Shell server.
[[0;32m  OK  [0m] Started Login to default iSCSI targets.
[[0;32m  OK  [0m] Reached target Remote File Systems (Pre).

[    7.780648] cloud-init         Mounting /vagrant...
[1085]:          Mounting /var/www...
[[0;32m  OK  [0m] Mounted /var/www.
[[0;1;31mFAILED[0m] Failed to mount /vagrant.
See 'systemctl status vagrant.mount' for details.
[[0;1;33mDEPEND[0m] Dependency failed for Remote File Systems.
         Starting Authenticate and Authorize Users to Run Privileged Tasks...
         Starting LSB: automatic crash report generation...
         Starting The Apache HTTP Server...
         Starting Permit User Sessions...
         Starting LSB: daemon to balance interrupts for SMP systems...
         Starting LSB: Set the CPU Frequency Scaling governor to "ondemand"...
ci-info: +-------+-------------+---------+-----------+-------+
[[0;32m  OK  [0m] Started Permit User Sessions.
         Starting Hold until boot process finishes up...
         Starting Terminate Plymouth Boot Screen...
[[0;32m  OK  [0m] Started Hold until boot process finishes up.
[[0;32m  OK  [0m] Started Getty on tty1.
[[0;32m  OK  [0m] Started Serial Getty on ttyS0.
[[0;32m  OK  [0m] Reached target Login Prompts.
         Starting Set console scheme...
[[0;32m  OK  [0m] Started Set console scheme.
[    7.876270] [[0;32m  OK  [0m] Started Terminate Plymouth Boot Screen.
cloud-init[1085]: ci-info: | Route | Destination | Gateway | Interface | Flags |[[0;32m  OK  [0m] Started Authenticate and Authorize Users to Run Privileged Tasks.
[[0;32m  OK  [0m] Started LSB: Set the CPU Frequency Scaling governor to "ondemand".
[[0;32m  OK  [0m] Started Accounts Service.

[    7.954471] cloud-init[1085]: ci-info: +-------+-------------+---------+-----------+-------+
[[0;32m  OK  [0m] Started LSB: automatic crash report generation.
[[0;32m  OK  [0m] Started LSB: daemon to balance interrupts for SMP systems.
[    7.997078] cloud-init[1085]: ci-info: |   0   |  fe80::/64  |    ::   |   enp0s8  |   U   |
[    8.023793] cloud-init[1085]: ci-info: |   1   |  fe80::/64  |    ::   |   enp0s3  |   U   |
[    8.034925] cloud-init[1085]: ci-info: |   4   |   ff00::/8  |    ::   |   enp0s8  |   U   |
[    8.076017] [[0;32m  OK  [0m] Started LXD - container startup/shutdown.
cloud-init[1085]: ci-info: |   5   |   ff00::/8  |    ::   |   enp0s3  |   U   |
[    8.102693] cloud-init[1085]: ci-info: +-------+-------------+---------+-----------+-------+
[[0;32m  OK  [0m] Started Snap Daemon.
         Starting Wait until snapd is fully seeded...
[[0;32m  OK  [0m] Started The Apache HTTP Server.
[[0;32m  OK  [0m] Started The PHP 7.4 FastCGI Process Manager.
[[0;32m  OK  [0m] Started The PHP 8.0 FastCGI Process Manager.
[[0;32m  OK  [0m] Started The PHP 7.0 FastCGI Process Manager.
[[0;32m  OK  [0m] Started Wait until snapd is fully seeded.
         Starting Apply the settings specified in cloud-config...
[    9.306564] cloud-init[1532]: Cloud-init v. 21.1-19-gbad84ad4-0ubuntu1~16.04.2 running 'modules:config' at Sat, 22 Apr 2023 01:38:49 +0000. Up 9.16 seconds.
[[0;32m  OK  [0m] Started Apply the settings specified in cloud-config.
[[0;32m  OK  [0m] Started Clean php session files.
[[0;32m  OK  [0m] Started MySQL Community Server.
[[0;32m  OK  [0m] Created slice User Slice of vagrant.
         Starting User Manager for UID 1000...
[[0;32m  OK  [0m] Started Session 1 of user vagrant.
[[0;32m  OK  [0m] Started User Manager for UID 1000.

Ubuntu 16.04.7 LTS ubuntu-xenial ttyS0

ubuntu-xenial login: [   30.783200] cloud-init[10548]: Cloud-init v. 21.1-19-gbad84ad4-0ubuntu1~16.04.2 running 'modules:final' at Sat, 22 Apr 2023 01:39:10 +0000. Up 30.68 seconds.
[   30.784327] cloud-init[10548]: Cloud-init v. 21.1-19-gbad84ad4-0ubuntu1~16.04.2 finished at Sat, 22 Apr 2023 01:39:10 +0000. Datasource DataSourceNoCloud [seed=/dev/sdb][dsmode=net].  Up 30.77 seconds
